<?xml version="1.0" encoding="UTF-8"?>
<!-- Generated by org.testng.reporters.JUnitReportReporter -->
<testsuite hostname="DESKTOP-16L34SG" failures="0" tests="4" name="api.test.UserTests" time="9.431" errors="0" timestamp="2023-11-15T12:31:32 IST" skipped="0">
  <testcase classname="api.test.UserTests" name="testpostuser" time="5.410"/>
  <testcase classname="api.test.UserTests" name="testgetuser" time="1.339"/>
  <testcase classname="api.test.UserTests" name="testupdateuser" time="1.251"/>
  <testcase classname="api.test.UserTests" name="testdeleteuser" time="1.431"/>
</testsuite> <!-- api.test.UserTests -->
